-------------------------------------------------------------------------------
Test set: br.com.restassuredapitesting.runners.AllTests
-------------------------------------------------------------------------------
Tests run: 26, Failures: 1, Errors: 0, Skipped: 0, Time elapsed: 30.571 s <<< FAILURE! - in br.com.restassuredapitesting.runners.AllTests
validaErro500AoUtilizarFiltroMalFormatado(br.com.restassuredapitesting.tests.booking.tests.GetBookingTest)  Time elapsed: 0.572 s  <<< FAILURE!
java.lang.AssertionError: 
1 expectation failed.
Expected status code <500> but was <200>.

	at br.com.restassuredapitesting.tests.booking.tests.GetBookingTest.validaErro500AoUtilizarFiltroMalFormatado(GetBookingTest.java:158)

